  [4;36;1mSQL (0.1ms)[0m   [0;1mSET NAMES 'utf8'[0m
  [4;35;1mSQL (0.1ms)[0m   [0mSET SQL_AUTO_IS_NULL=0[0m
  [4;36;1mSQL (41.9ms)[0m   [0;1mSHOW TABLES[0m
  [4;35;1mSQL (792.0ms)[0m   [0mCREATE TABLE `schema_migrations` (`version` varchar(255) NOT NULL) ENGINE=InnoDB[0m
  [4;36;1mSQL (801.6ms)[0m   [0;1mCREATE UNIQUE INDEX `unique_schema_migrations` ON `schema_migrations` (`version`)[0m
  [4;35;1mSQL (23.9ms)[0m   [0mSHOW TABLES[0m
  [4;36;1mSQL (0.3ms)[0m   [0;1mSHOW TABLES[0m
  [4;35;1mSQL (8.4ms)[0m   [0mSELECT version FROM schema_migrations[0m
  [4;36;1mSQL (0.3ms)[0m   [0;1mSHOW TABLES[0m
  [4;36;1mSQL (0.3ms)[0m   [0;1mSET NAMES 'utf8'[0m
  [4;35;1mSQL (0.1ms)[0m   [0mSET SQL_AUTO_IS_NULL=0[0m
  [4;36;1mSQL (0.4ms)[0m   [0;1mSHOW TABLES[0m
  [4;35;1mSQL (0.1ms)[0m   [0mSELECT version FROM schema_migrations[0m
Migrating to CreateProducts (20100121145632)
  [4;36;1mSQL (172.8ms)[0m   [0;1mCREATE TABLE `products` (`id` int(11) DEFAULT NULL auto_increment PRIMARY KEY, `title` varchar(255), `description` text, `image_url` varchar(255), `created_at` datetime, `updated_at` datetime) ENGINE=InnoDB[0m
  [4;35;1mSQL (66.2ms)[0m   [0mINSERT INTO schema_migrations (version) VALUES ('20100121145632')[0m
  [4;36;1mSQL (0.3ms)[0m   [0;1mSHOW TABLES[0m
  [4;35;1mSQL (0.2ms)[0m   [0mSELECT version FROM schema_migrations[0m
  [4;36;1mSQL (20.6ms)[0m   [0;1mSHOW TABLES[0m
  [4;35;1mSQL (1.5ms)[0m   [0mSHOW FIELDS FROM `products`[0m
  [4;36;1mSQL (1.2ms)[0m   [0;1mdescribe `products`[0m
  [4;35;1mSQL (0.4ms)[0m   [0mSHOW KEYS FROM `products`[0m
  [4;36;1mSQL (0.1ms)[0m   [0;1mSET NAMES 'utf8'[0m
  [4;35;1mSQL (0.1ms)[0m   [0mSET SQL_AUTO_IS_NULL=0[0m


Processing Rails::InfoController#properties (for 127.0.0.1 at 2010-01-21 14:59:59) [GET]
  [4;36;1mSQL (0.4ms)[0m   [0;1mSHOW TABLES[0m
  [4;35;1mSQL (0.1ms)[0m   [0mSELECT version FROM schema_migrations[0m
Completed in 79ms (View: 10, DB: 1) | 200 OK [http://localhost/rails/info/properties]
  [4;36;1mSQL (0.1ms)[0m   [0;1mSET NAMES 'utf8'[0m
  [4;35;1mSQL (0.1ms)[0m   [0mSET SQL_AUTO_IS_NULL=0[0m


Processing ProductsController#index (for 127.0.0.1 at 2010-01-21 15:01:15) [GET]
  [4;36;1mProduct Load (2.0ms)[0m   [0;1mSELECT * FROM `products` [0m
Rendering template within layouts/products
Rendering products/index
Completed in 164ms (View: 151, DB: 2) | 200 OK [http://localhost/products]
  [4;35;1mSQL (0.1ms)[0m   [0mSET NAMES 'utf8'[0m
  [4;36;1mSQL (0.1ms)[0m   [0;1mSET SQL_AUTO_IS_NULL=0[0m


Processing ProductsController#new (for 127.0.0.1 at 2010-01-21 15:02:15) [GET]
  [4;35;1mProduct Columns (1.6ms)[0m   [0mSHOW FIELDS FROM `products`[0m
Rendering template within layouts/products
Rendering products/new
Completed in 38ms (View: 17, DB: 2) | 200 OK [http://localhost/products/new]
  [4;36;1mSQL (0.1ms)[0m   [0;1mSET NAMES 'utf8'[0m
  [4;35;1mSQL (0.1ms)[0m   [0mSET SQL_AUTO_IS_NULL=0[0m


Processing ProductsController#create (for 127.0.0.1 at 2010-01-21 15:07:28) [POST]
  Parameters: {"commit"=>"Create", "authenticity_token"=>"Xm5/jJhjX/B6dGf5va2UngZ6rRo5SP2E7lMucz9CEtg=", "product"=>{"image_url"=>"/images/svn.jpg", "title"=>"Pragmatic Version Control", "description"=>"<p>\r\nThis book is a recipe-based approach to using Subversion that will get you up and running quickly--- and correctly. All projects need version control; it's a foundational piece of any project."}}
  [4;36;1mProduct Columns (1.0ms)[0m   [0;1mSHOW FIELDS FROM `products`[0m
  [4;35;1mSQL (2.6ms)[0m   [0mBEGIN[0m
  [4;36;1mProduct Create (2.6ms)[0m   [0;1mINSERT INTO `products` (`created_at`, `title`, `image_url`, `updated_at`, `description`) VALUES('2010-01-21 15:07:28', 'Pragmatic Version Control', '/images/svn.jpg', '2010-01-21 15:07:28', '<p>\r\nThis book is a recipe-based approach to using Subversion that will get you up and running quickly--- and correctly. All projects need version control; it\'s a foundational piece of any project.')[0m
  [4;35;1mSQL (70.0ms)[0m   [0mCOMMIT[0m
Redirected to http://localhost:3000/products/1
Completed in 90ms (DB: 76) | 302 Found [http://localhost/products]
  [4;36;1mSQL (0.1ms)[0m   [0;1mSET NAMES 'utf8'[0m
  [4;35;1mSQL (0.1ms)[0m   [0mSET SQL_AUTO_IS_NULL=0[0m


Processing ProductsController#show (for 127.0.0.1 at 2010-01-21 15:07:28) [GET]
  Parameters: {"id"=>"1"}
  [4;36;1mProduct Columns (17.5ms)[0m   [0;1mSHOW FIELDS FROM `products`[0m
  [4;35;1mProduct Load (22.6ms)[0m   [0mSELECT * FROM `products` WHERE (`products`.`id` = 1) [0m
Rendering template within layouts/products
Rendering products/show
Completed in 58ms (View: 10, DB: 40) | 200 OK [http://localhost/products/1]
  [4;36;1mSQL (0.1ms)[0m   [0;1mSET NAMES 'utf8'[0m
  [4;35;1mSQL (0.1ms)[0m   [0mSET SQL_AUTO_IS_NULL=0[0m


Processing ProductsController#index (for 127.0.0.1 at 2010-01-21 15:07:50) [GET]
  [4;36;1mProduct Load (0.4ms)[0m   [0;1mSELECT * FROM `products` [0m
Rendering template within layouts/products
Rendering products/index
  [4;35;1mProduct Columns (0.9ms)[0m   [0mSHOW FIELDS FROM `products`[0m
Completed in 18ms (View: 9, DB: 1) | 200 OK [http://localhost/products]
  [4;36;1mSQL (0.1ms)[0m   [0;1mSET NAMES 'utf8'[0m
  [4;35;1mSQL (0.1ms)[0m   [0mSET SQL_AUTO_IS_NULL=0[0m
  [4;36;1mSQL (0.8ms)[0m   [0;1mSHOW TABLES[0m
  [4;35;1mSQL (0.1ms)[0m   [0mSELECT version FROM schema_migrations[0m
Migrating to CreateProducts (20100121145632)
Migrating to AddPriceToProduct (20100121151104)
  [4;36;1mSQL (391.1ms)[0m   [0;1mALTER TABLE `products` ADD `price` decimal(8,2) DEFAULT 0[0m
  [4;35;1mSQL (55.0ms)[0m   [0mINSERT INTO schema_migrations (version) VALUES ('20100121151104')[0m
  [4;36;1mSQL (0.5ms)[0m   [0;1mSHOW TABLES[0m
  [4;35;1mSQL (0.2ms)[0m   [0mSELECT version FROM schema_migrations[0m
  [4;36;1mSQL (0.1ms)[0m   [0;1mSHOW TABLES[0m
  [4;35;1mSQL (0.8ms)[0m   [0mSHOW FIELDS FROM `products`[0m
  [4;36;1mSQL (0.6ms)[0m   [0;1mdescribe `products`[0m
  [4;35;1mSQL (0.3ms)[0m   [0mSHOW KEYS FROM `products`[0m
  [4;36;1mSQL (0.1ms)[0m   [0;1mSET NAMES 'utf8'[0m
  [4;35;1mSQL (0.1ms)[0m   [0mSET SQL_AUTO_IS_NULL=0[0m


Processing ProductsController#index (for 127.0.0.1 at 2010-01-21 15:24:00) [GET]
  [4;36;1mProduct Load (0.5ms)[0m   [0;1mSELECT * FROM `products` [0m
Rendering template within layouts/products
Rendering products/index
  [4;35;1mProduct Columns (0.9ms)[0m   [0mSHOW FIELDS FROM `products`[0m
Completed in 28ms (View: 18, DB: 2) | 200 OK [http://localhost/products]
  [4;36;1mSQL (0.1ms)[0m   [0;1mSET NAMES 'utf8'[0m
  [4;35;1mSQL (0.1ms)[0m   [0mSET SQL_AUTO_IS_NULL=0[0m


Processing ProductsController#index (for 127.0.0.1 at 2010-01-21 15:28:04) [GET]
  [4;36;1mProduct Load (0.2ms)[0m   [0;1mSELECT * FROM `products` [0m
Rendering template within layouts/products
Rendering products/index
  [4;35;1mProduct Columns (2.1ms)[0m   [0mSHOW FIELDS FROM `products`[0m
Completed in 42ms (View: 15, DB: 2) | 200 OK [http://localhost/products]
  [4;36;1mSQL (0.1ms)[0m   [0;1mSET NAMES 'utf8'[0m
  [4;35;1mSQL (0.1ms)[0m   [0mSET SQL_AUTO_IS_NULL=0[0m


Processing ProductsController#index (for 127.0.0.1 at 2010-01-21 15:33:59) [GET]
  [4;36;1mProduct Load (0.2ms)[0m   [0;1mSELECT * FROM `products` [0m
Rendering template within layouts/products
Rendering products/index
  [4;35;1mProduct Columns (0.9ms)[0m   [0mSHOW FIELDS FROM `products`[0m
Completed in 123ms (View: 106, DB: 1) | 200 OK [http://localhost/products]
  [4;36;1mSQL (0.1ms)[0m   [0;1mSET NAMES 'utf8'[0m
  [4;35;1mSQL (0.1ms)[0m   [0mSET SQL_AUTO_IS_NULL=0[0m


Processing ProductsController#new (for 127.0.0.1 at 2010-01-21 15:34:04) [GET]
  [4;36;1mProduct Columns (1.0ms)[0m   [0;1mSHOW FIELDS FROM `products`[0m
Rendering template within layouts/products
Rendering products/new
Completed in 37ms (View: 21, DB: 1) | 200 OK [http://localhost/products/new]
  [4;35;1mSQL (0.1ms)[0m   [0mSET NAMES 'utf8'[0m
  [4;36;1mSQL (0.1ms)[0m   [0;1mSET SQL_AUTO_IS_NULL=0[0m


Processing ProductsController#create (for 127.0.0.1 at 2010-01-21 15:34:06) [POST]
  Parameters: {"commit"=>"Create", "authenticity_token"=>"Xm5/jJhjX/B6dGf5va2UngZ6rRo5SP2E7lMucz9CEtg=", "product"=>{"price"=>"0.0", "image_url"=>"", "title"=>"", "description"=>""}}
  [4;35;1mProduct Columns (0.9ms)[0m   [0mSHOW FIELDS FROM `products`[0m
  [4;36;1mSQL (0.1ms)[0m   [0;1mBEGIN[0m
  [4;35;1mSQL (0.7ms)[0m   [0mROLLBACK[0m
Rendering template within layouts/products
Rendering products/new
Completed in 35ms (View: 20, DB: 2) | 200 OK [http://localhost/products]
  [4;36;1mSQL (6.0ms)[0m   [0;1mSET NAMES 'utf8'[0m
  [4;35;1mSQL (0.3ms)[0m   [0mSET SQL_AUTO_IS_NULL=0[0m


Processing ProductsController#create (for 127.0.0.1 at 2010-01-21 15:47:53) [POST]
  Parameters: {"commit"=>"Create", "authenticity_token"=>"Xm5/jJhjX/B6dGf5va2UngZ6rRo5SP2E7lMucz9CEtg=", "product"=>{"price"=>"0.0", "image_url"=>"", "title"=>"", "description"=>""}}
  [4;36;1mSQL (0.3ms)[0m   [0;1mSHOW TABLES[0m
  [4;35;1mProduct Columns (7.1ms)[0m   [0mSHOW FIELDS FROM `products`[0m
  [4;36;1mSQL (0.3ms)[0m   [0;1mSHOW TABLES[0m
  [4;35;1mProduct Columns (0.7ms)[0m   [0mSHOW FIELDS FROM `products`[0m

NoMethodError (undefined method `vaildate_format_of' for #<Class:0xb7055e30>):
  app/models/product.rb:6
  app/controllers/products_controller.rb:43:in `create'

Rendered rescues/_trace (60.6ms)
Rendered rescues/_request_and_response (11.6ms)
Rendering rescues/layout (internal_server_error)
  [4;36;1mSQL (0.1ms)[0m   [0;1mSET NAMES 'utf8'[0m
  [4;35;1mSQL (0.1ms)[0m   [0mSET SQL_AUTO_IS_NULL=0[0m


Processing ProductsController#create (for 127.0.0.1 at 2010-01-21 15:48:37) [POST]
  Parameters: {"commit"=>"Create", "authenticity_token"=>"Xm5/jJhjX/B6dGf5va2UngZ6rRo5SP2E7lMucz9CEtg=", "product"=>{"price"=>"0.0", "image_url"=>"", "title"=>"", "description"=>""}}
  [4;36;1mSQL (0.3ms)[0m   [0;1mSHOW TABLES[0m
  [4;35;1mProduct Columns (0.7ms)[0m   [0mSHOW FIELDS FROM `products`[0m
  [4;36;1mSQL (16.9ms)[0m   [0;1mSHOW TABLES[0m
  [4;35;1mProduct Columns (0.8ms)[0m   [0mSHOW FIELDS FROM `products`[0m

NoMethodError (undefined method `vaildates_format_of' for #<Class:0xb7677868>):
  app/models/product.rb:6
  app/controllers/products_controller.rb:43:in `create'

Rendered rescues/_trace (62.3ms)
Rendered rescues/_request_and_response (0.6ms)
Rendering rescues/layout (internal_server_error)
  [4;36;1mSQL (0.1ms)[0m   [0;1mSET NAMES 'utf8'[0m
  [4;35;1mSQL (0.1ms)[0m   [0mSET SQL_AUTO_IS_NULL=0[0m


Processing ProductsController#create (for 127.0.0.1 at 2010-01-21 15:48:45) [POST]
  Parameters: {"commit"=>"Create", "authenticity_token"=>"Xm5/jJhjX/B6dGf5va2UngZ6rRo5SP2E7lMucz9CEtg=", "product"=>{"price"=>"0.0", "image_url"=>"", "title"=>"", "description"=>""}}
  [4;36;1mSQL (0.3ms)[0m   [0;1mSHOW TABLES[0m
  [4;35;1mProduct Columns (0.7ms)[0m   [0mSHOW FIELDS FROM `products`[0m
  [4;36;1mSQL (1.0ms)[0m   [0;1mSHOW TABLES[0m
  [4;35;1mProduct Columns (0.7ms)[0m   [0mSHOW FIELDS FROM `products`[0m

NoMethodError (undefined method `vaildates_format_of' for #<Class:0xb705942c>):
  app/models/product.rb:6
  app/controllers/products_controller.rb:43:in `create'

Rendered rescues/_trace (58.6ms)
Rendered rescues/_request_and_response (0.6ms)
Rendering rescues/layout (internal_server_error)
  [4;36;1mSQL (0.1ms)[0m   [0;1mSET NAMES 'utf8'[0m
  [4;35;1mSQL (0.1ms)[0m   [0mSET SQL_AUTO_IS_NULL=0[0m


Processing ProductsController#create (for 127.0.0.1 at 2010-01-21 15:50:12) [POST]
  Parameters: {"commit"=>"Create", "authenticity_token"=>"Xm5/jJhjX/B6dGf5va2UngZ6rRo5SP2E7lMucz9CEtg=", "product"=>{"price"=>"0.0", "image_url"=>"", "title"=>"", "description"=>""}}

ArgumentError (A regular expression must be supplied as the :with option of the configuration hash):
  app/models/product.rb:6
  app/controllers/products_controller.rb:43:in `create'

Rendered rescues/_trace (182.9ms)
Rendered rescues/_request_and_response (0.6ms)
Rendering rescues/layout (internal_server_error)
  [4;36;1mSQL (0.1ms)[0m   [0;1mSET NAMES 'utf8'[0m
  [4;35;1mSQL (1.8ms)[0m   [0mSET SQL_AUTO_IS_NULL=0[0m


Processing ProductsController#create (for 127.0.0.1 at 2010-01-21 15:50:40) [POST]
  Parameters: {"commit"=>"Create", "authenticity_token"=>"Xm5/jJhjX/B6dGf5va2UngZ6rRo5SP2E7lMucz9CEtg=", "product"=>{"price"=>"0.0", "image_url"=>"", "title"=>"", "description"=>""}}
  [4;36;1mProduct Columns (9.7ms)[0m   [0;1mSHOW FIELDS FROM `products`[0m
  [4;35;1mSQL (0.1ms)[0m   [0mBEGIN[0m
  [4;36;1mProduct Load (43.5ms)[0m   [0;1mSELECT `products`.id FROM `products` WHERE (`products`.`title` = BINARY '') LIMIT 1[0m
  [4;35;1mSQL (11.7ms)[0m   [0mROLLBACK[0m

NoMethodError (undefined method `price_must_be_at_least_one_cent' for #<Product:0xb70d6d3c>):
  app/controllers/products_controller.rb:46:in `create'
  app/controllers/products_controller.rb:45:in `create'

Rendered rescues/_trace (86.9ms)
Rendered rescues/_request_and_response (0.6ms)
Rendering rescues/layout (internal_server_error)
  [4;36;1mSQL (0.1ms)[0m   [0;1mSET NAMES 'utf8'[0m
  [4;35;1mSQL (0.1ms)[0m   [0mSET SQL_AUTO_IS_NULL=0[0m


Processing ProductsController#create (for 127.0.0.1 at 2010-01-21 15:51:22) [POST]
  Parameters: {"commit"=>"Create", "authenticity_token"=>"Xm5/jJhjX/B6dGf5va2UngZ6rRo5SP2E7lMucz9CEtg=", "product"=>{"price"=>"0.0", "image_url"=>"", "title"=>"", "description"=>""}}
  [4;36;1mProduct Columns (0.9ms)[0m   [0;1mSHOW FIELDS FROM `products`[0m
  [4;35;1mSQL (0.2ms)[0m   [0mBEGIN[0m
  [4;36;1mProduct Load (0.1ms)[0m   [0;1mSELECT `products`.id FROM `products` WHERE (`products`.`title` = BINARY '') LIMIT 1[0m
  [4;35;1mSQL (1.2ms)[0m   [0mROLLBACK[0m
Rendering template within layouts/products
Rendering products/new
Completed in 216ms (View: 202, DB: 3) | 200 OK [http://localhost/products]
  [4;36;1mSQL (0.1ms)[0m   [0;1mSET NAMES 'utf8'[0m
  [4;35;1mSQL (0.1ms)[0m   [0mSET SQL_AUTO_IS_NULL=0[0m


Processing ProductsController#create (for 127.0.0.1 at 2010-01-21 15:51:32) [POST]
  Parameters: {"commit"=>"Create", "authenticity_token"=>"Xm5/jJhjX/B6dGf5va2UngZ6rRo5SP2E7lMucz9CEtg=", "product"=>{"price"=>"wibble", "image_url"=>"", "title"=>"", "description"=>""}}
  [4;36;1mProduct Columns (1.0ms)[0m   [0;1mSHOW FIELDS FROM `products`[0m
  [4;35;1mSQL (0.3ms)[0m   [0mBEGIN[0m
  [4;36;1mProduct Load (0.1ms)[0m   [0;1mSELECT `products`.id FROM `products` WHERE (`products`.`title` = BINARY '') LIMIT 1[0m
  [4;35;1mSQL (0.1ms)[0m   [0mROLLBACK[0m
Rendering template within layouts/products
Rendering products/new
Completed in 48ms (View: 32, DB: 2) | 200 OK [http://localhost/products]
  [4;36;1mSQL (0.1ms)[0m   [0;1mSET NAMES 'utf8'[0m
  [4;35;1mSQL (0.2ms)[0m   [0mSET SQL_AUTO_IS_NULL=0[0m
  [4;36;1mSQL (0.3ms)[0m   [0;1mSHOW TABLES[0m
  [4;35;1mSQL (0.1ms)[0m   [0mSELECT version FROM schema_migrations[0m
Migrating to CreateProducts (20100121145632)
Migrating to AddPriceToProduct (20100121151104)
Migrating to AddTestData (20100121155731)
  [4;36;1mProduct Delete all (141.6ms)[0m   [0;1mDELETE FROM `products` [0m
  [4;35;1mProduct Columns (1.5ms)[0m   [0mSHOW FIELDS FROM `products`[0m
  [4;36;1mSQL (0.4ms)[0m   [0;1mBEGIN[0m
  [4;35;1mProduct Load (0.4ms)[0m   [0mSELECT `products`.id FROM `products` WHERE (`products`.`title` = BINARY 'Pragmatic Project Automation') LIMIT 1[0m
  [4;36;1mProduct Create (0.3ms)[0m   [0;1mINSERT INTO `products` (`price`, `created_at`, `title`, `image_url`, `updated_at`, `description`) VALUES(29.95, '2010-01-21 16:05:54', 'Pragmatic Project Automation', '/images/auto.jpg', '2010-01-21 16:05:54', '<p>\n <em>Pragmatic Project Automation</em> shows you how to improve the\n consistency and repeatability of your project\'s procedures using\n automation to reduce risk and errors.\n </p>\n <p>\n Simply put, we\'re going to put this thing called a computer to work\n for you doing the mundane (but important) project stuff. That means\n you\'ll have more time and energy to do the really\n exciting---and difficult---stuff, like writing quality code.\n </p>')[0m
  [4;35;1mSQL (86.0ms)[0m   [0mCOMMIT[0m
  [4;36;1mSQL (0.1ms)[0m   [0;1mBEGIN[0m
  [4;35;1mProduct Load (0.4ms)[0m   [0mSELECT `products`.id FROM `products` WHERE (`products`.`title` = BINARY 'Pragmatic Version Control') LIMIT 1[0m
  [4;36;1mProduct Create (0.4ms)[0m   [0;1mINSERT INTO `products` (`price`, `created_at`, `title`, `image_url`, `updated_at`, `description`) VALUES(28.5, '2010-01-21 16:05:55', 'Pragmatic Version Control', '/images/svn.jpg', '2010-01-21 16:05:55', '<p>\n This book is a recipe-based approach to using Subversion that will\n get you up and running quickly---and correctly. All projects need\n version control: it\'s a foundational piece of any project\'s\n infrastructure. Yet half of all project teams in the U.S. don\'t use\n any version control at all. Many others don\'t use it well, and end\n up experiencing time-consuming problems.\n </p>')[0m
  [4;35;1mSQL (59.5ms)[0m   [0mCOMMIT[0m
  [4;36;1mSQL (0.1ms)[0m   [0;1mBEGIN[0m
  [4;35;1mProduct Load (0.3ms)[0m   [0mSELECT `products`.id FROM `products` WHERE (`products`.`title` = BINARY 'Pragmatic Unit Testing (C#)') LIMIT 1[0m
  [4;36;1mProduct Create (0.3ms)[0m   [0;1mINSERT INTO `products` (`price`, `created_at`, `title`, `image_url`, `updated_at`, `description`) VALUES(27.75, '2010-01-21 16:05:55', 'Pragmatic Unit Testing (C#)', '/images/utc.jpg', '2010-01-21 16:05:55', '<p>\n Pragmatic programmers use feedback to drive their development and\n personal processes. The most valuable feedback you can get while\n coding comes from unit testing.\n </p>\n <p>\n Without good tests in place, coding can become a frustrating game of\n \"whack-a-mole.\" That\'s the carnival game where the player strikes at a\n mechanical mole; it retreats and another mole pops up on the opposite side\n of the field. The moles pop up and down so fast that you end up flailing\n your mallet helplessly as the moles continue to pop up where you least\n expect them.\n </p>')[0m
  [4;35;1mSQL (51.9ms)[0m   [0mCOMMIT[0m
  [4;36;1mSQL (55.6ms)[0m   [0;1mINSERT INTO schema_migrations (version) VALUES ('20100121155731')[0m
  [4;35;1mSQL (0.3ms)[0m   [0mSHOW TABLES[0m
  [4;36;1mSQL (0.2ms)[0m   [0;1mSELECT version FROM schema_migrations[0m
  [4;35;1mSQL (0.2ms)[0m   [0mSHOW TABLES[0m
  [4;36;1mSQL (0.7ms)[0m   [0;1mSHOW FIELDS FROM `products`[0m
  [4;35;1mSQL (0.6ms)[0m   [0mdescribe `products`[0m
  [4;36;1mSQL (0.2ms)[0m   [0;1mSHOW KEYS FROM `products`[0m
  [4;36;1mSQL (0.1ms)[0m   [0;1mSET NAMES 'utf8'[0m
  [4;35;1mSQL (0.1ms)[0m   [0mSET SQL_AUTO_IS_NULL=0[0m


Processing ProductsController#index (for 127.0.0.1 at 2010-01-21 16:06:05) [GET]
  [4;36;1mProduct Load (0.4ms)[0m   [0;1mSELECT * FROM `products` [0m
Rendering template within layouts/products
Rendering products/index
  [4;35;1mProduct Columns (0.8ms)[0m   [0mSHOW FIELDS FROM `products`[0m
Completed in 30ms (View: 21, DB: 1) | 200 OK [http://localhost/products]
  [4;36;1mSQL (0.1ms)[0m   [0;1mSET NAMES 'utf8'[0m
  [4;35;1mSQL (0.1ms)[0m   [0mSET SQL_AUTO_IS_NULL=0[0m


Processing ProductsController#index (for 127.0.0.1 at 2010-01-21 16:06:23) [GET]
  [4;36;1mProduct Load (0.1ms)[0m   [0;1mSELECT * FROM `products` [0m
Rendering template within layouts/products
Rendering products/index
  [4;35;1mProduct Columns (0.8ms)[0m   [0mSHOW FIELDS FROM `products`[0m
Completed in 29ms (View: 19, DB: 1) | 200 OK [http://localhost/products]
  [4;36;1mSQL (0.1ms)[0m   [0;1mSET NAMES 'utf8'[0m
  [4;35;1mSQL (0.1ms)[0m   [0mSET SQL_AUTO_IS_NULL=0[0m


Processing ProductsController#index (for 127.0.0.1 at 2010-01-21 16:26:22) [GET]
  [4;36;1mProduct Load (0.2ms)[0m   [0;1mSELECT * FROM `products` [0m
Rendering template within layouts/products
Rendering products/index
  [4;35;1mProduct Columns (1.0ms)[0m   [0mSHOW FIELDS FROM `products`[0m
Completed in 48ms (View: 36, DB: 1) | 200 OK [http://localhost/products]
  [4;36;1mSQL (61.3ms)[0m   [0;1mSET NAMES 'utf8'[0m
  [4;35;1mSQL (24.5ms)[0m   [0mSET SQL_AUTO_IS_NULL=0[0m


Processing StoreController#index (for 127.0.0.1 at 2010-01-22 17:26:38) [GET]
  [4;36;1mProduct Load (217.9ms)[0m   [0;1mSELECT * FROM `products` ORDER BY title[0m
Rendering store/index

ActionView::TemplateError (You have a nil object when you didn't expect it!
You might have expected an instance of Array.
The error occurred while evaluating nil.each) on line #3 of app/views/store/index.html.erb:
1: <h1>Your Pragmatic Catalog</h1>
2: 
3: <% for product in @products -%>
4: <div class="entry">
5:   <%= image_tag(product.image_url) %>
6:   <h3><%=h product.title %></h3>

    app/views/store/index.html.erb:3

Rendered rescues/_trace (65.6ms)
Rendered rescues/_request_and_response (10.0ms)
Rendering rescues/layout (internal_server_error)
  [4;35;1mSQL (0.1ms)[0m   [0mSET NAMES 'utf8'[0m
  [4;36;1mSQL (0.1ms)[0m   [0;1mSET SQL_AUTO_IS_NULL=0[0m


Processing StoreController#index (for 127.0.0.1 at 2010-01-22 17:27:21) [GET]
  [4;35;1mProduct Load (2.4ms)[0m   [0mSELECT * FROM `products` ORDER BY title[0m
Rendering store/index
  [4;36;1mProduct Columns (139.7ms)[0m   [0;1mSHOW FIELDS FROM `products`[0m
Completed in 225ms (View: 71, DB: 142) | 200 OK [http://localhost/store]
